<?xml version="1.0" encoding="UTF-8"?>
<!-- Generated by org.testng.reporters.JUnitXMLReporter -->
<testsuite ignored="14" hostname="Abd-Elbary" failures="1" tests="24" name="Regression Test" time="184.489" errors="0" timestamp="2022-11-14T20:08:46 EET">
  <testcase classname="tests.UserRegistrationTest" name="userCanRegisterSuccessfully" time="2.425"/>
  <testcase classname="tests.UserRegistrationTest" name="userCanLogout" time="0.785"/>
  <testcase classname="tests.UserRegistrationTest" name="RegisterduserCanLoginSuccessfully" time="121.238">
    <failure type="org.openqa.selenium.NoSuchElementException" message="no such element: Unable to locate element: {&amp;quot;method&amp;quot;:&amp;quot;css selector&amp;quot;,&amp;quot;selector&amp;quot;:&amp;quot;.ico\-logout&amp;quot;}
  (Session info: chrome=107.0.5304.107)
For documentation on this error, please visit: https://selenium.dev/exceptions/#no_such_element
Build info: version: &amp;apos;4.5.3&amp;apos;, revision: &amp;apos;4b786a1e430&amp;apos;
System info: os.name: &amp;apos;Windows 10&amp;apos;, os.arch: &amp;apos;amd64&amp;apos;, os.version: &amp;apos;10.0&amp;apos;, java.version: &amp;apos;17.0.4.1&amp;apos;
Driver info: org.openqa.selenium.chrome.ChromeDriver
Command: [f88ee8a0718b84de0268e23398e3f043, findElement {using=class name, value=ico-logout}]
Capabilities {acceptInsecureCerts: false, browserName: chrome, browserVersion: 107.0.5304.107, chrome: {chromedriverVersion: 106.0.5249.61 (511755355844..., userDataDir: C:\Users\abdel\AppData\Loca...}, goog:chromeOptions: {debuggerAddress: localhost:61457}, networkConnectionEnabled: false, pageLoadStrategy: normal, platformName: WINDOWS, proxy: Proxy(), se:cdp: ws://localhost:61457/devtoo..., se:cdpVersion: 107.0.5304.107, setWindowRect: true, strictFileInteractability: false, timeouts: {implicit: 0, pageLoad: 300000, script: 30000}, unhandledPromptBehavior: dismiss and notify, webauthn:extension:credBlob: true, webauthn:extension:largeBlob: true, webauthn:virtualAuthenticators: true}
Session ID: f88ee8a0718b84de0268e23398e3f043">
      <![CDATA[org.openqa.selenium.NoSuchElementException: no such element: Unable to locate element: {"method":"css selector","selector":".ico\-logout"}
  (Session info: chrome=107.0.5304.107)
For documentation on this error, please visit: https://selenium.dev/exceptions/#no_such_element
Build info: version: '4.5.3', revision: '4b786a1e430'
System info: os.name: 'Windows 10', os.arch: 'amd64', os.version: '10.0', java.version: '17.0.4.1'
Driver info: org.openqa.selenium.chrome.ChromeDriver
Command: [f88ee8a0718b84de0268e23398e3f043, findElement {using=class name, value=ico-logout}]
Capabilities {acceptInsecureCerts: false, browserName: chrome, browserVersion: 107.0.5304.107, chrome: {chromedriverVersion: 106.0.5249.61 (511755355844..., userDataDir: C:\Users\abdel\AppData\Loca...}, goog:chromeOptions: {debuggerAddress: localhost:61457}, networkConnectionEnabled: false, pageLoadStrategy: normal, platformName: WINDOWS, proxy: Proxy(), se:cdp: ws://localhost:61457/devtoo..., se:cdpVersion: 107.0.5304.107, setWindowRect: true, strictFileInteractability: false, timeouts: {implicit: 0, pageLoad: 300000, script: 30000}, unhandledPromptBehavior: dismiss and notify, webauthn:extension:credBlob: true, webauthn:extension:largeBlob: true, webauthn:virtualAuthenticators: true}
Session ID: f88ee8a0718b84de0268e23398e3f043
at org.openqa.selenium.remote.codec.w3c.W3CHttpResponseCodec.createException(W3CHttpResponseCodec.java:200)
at org.openqa.selenium.remote.codec.w3c.W3CHttpResponseCodec.decode(W3CHttpResponseCodec.java:133)
at org.openqa.selenium.remote.codec.w3c.W3CHttpResponseCodec.decode(W3CHttpResponseCodec.java:53)
at org.openqa.selenium.remote.HttpCommandExecutor.execute(HttpCommandExecutor.java:184)
at org.openqa.selenium.remote.service.DriverCommandExecutor.invokeExecute(DriverCommandExecutor.java:167)
at org.openqa.selenium.remote.service.DriverCommandExecutor.execute(DriverCommandExecutor.java:142)
at org.openqa.selenium.remote.RemoteWebDriver.execute(RemoteWebDriver.java:541)
at org.openqa.selenium.remote.ElementLocation$ElementFinder$2.findElement(ElementLocation.java:162)
at org.openqa.selenium.remote.ElementLocation.findElement(ElementLocation.java:60)
at org.openqa.selenium.remote.RemoteWebDriver.findElement(RemoteWebDriver.java:365)
at org.openqa.selenium.remote.RemoteWebDriver.findElement(RemoteWebDriver.java:357)
at org.openqa.selenium.support.pagefactory.DefaultElementLocator.findElement(DefaultElementLocator.java:70)
at org.openqa.selenium.support.pagefactory.internal.LocatingElementHandler.invoke(LocatingElementHandler.java:39)
at jdk.proxy2/jdk.proxy2.$Proxy19.getText(Unknown Source)
at tests.UserRegistrationTest.RegisterduserCanLoginSuccessfully(UserRegistrationTest.java:35)
at java.base/java.util.ArrayList.forEach(ArrayList.java:1511)
... Removed 32 stack frames]]>
    </failure>
  </testcase> <!-- RegisterduserCanLoginSuccessfully -->
  <testcase classname="tests.AddProductReviewTest" name="userCanRegisterSuccessfully" time="2.347"/>
  <testcase classname="tests.AddProductReviewTest" name="userCanSearchWithAutoSuggest" time="6.594"/>
  <testcase classname="tests.AddProductReviewTest" name="userCanOpenProductDetails" time="0.656"/>
  <testcase classname="tests.AddProductReviewTest" name="userCanAddReview" time="0.795"/>
  <testcase classname="tests.AddProductReviewTest" name="userCanLogout" time="1.008"/>
  <testcase classname="tests.AddProductToShoppingCartTest" name="userCanSearchWithAutoSuggest" time="5.946"/>
  <testcase classname="tests.AddProductToShoppingCartTest" name="userCanAddProductsToShoopingCart" time="2.648"/>
  <testcase classname="tests.AddProductToShoppingCartTest" name="userCanUpdateShoppingCart" time="4.103"/>
  <testcase classname="tests.AddProductToShoppingCartTest" name="userCanDelteCart" time="0.542"/>
  <testcase classname="tests.changeCurrencyTest" name="userCanChangeCurrency" time="0.745"/>
  <testcase classname="tests.changeCurrencyTest" name="userCanSearchWithAutoSuggest" time="6.306"/>
  <testcase classname="tests.ContactUsTest" name="UserCanUseContactUs" time="1.611"/>
  <testcase classname="tests.EmailFriendTest" name="userCanRegisterSuccessfully" time="2.312"/>
  <testcase classname="tests.EmailFriendTest" name="userCanSearchWithAutoSuggest" time="5.881"/>
  <testcase classname="tests.EmailFriendTest" name="RegistereduserCanSendProductToFriend" time="1.278"/>
  <testcase classname="tests.EmailFriendTest" name="userCanLogout" time="0.726"/>
  <testcase classname="tests.SearchProductTest" name="UserCanSearchForProducts" time="1.503"/>
  <testcase classname="tests.RegisteredUserCheckoutTest" name="userCanRegisterSuccessfully" time="1.745"/>
  <testcase classname="tests.RegisteredUserCheckoutTest" name="userCanSearchWithAutoSuggest" time="5.807"/>
  <testcase classname="tests.RegisteredUserCheckoutTest" name="userCanAddProductsToShoopingCart" time="3.746"/>
  <testcase classname="tests.RegisteredUserCheckoutTest" name="useCanCheckout" time="3.486"/>
  <testcase classname="tests.TestBase" name="@AfterSuite endDriver" time="0.0">
    <ignored/>
  </testcase> <!-- @AfterSuite endDriver -->
  <testcase classname="tests.TestBase" name="@BeforeSuite startDriver" time="0.0">
    <ignored/>
  </testcase> <!-- @BeforeSuite startDriver -->
  <testcase classname="tests.TestBase" name="@AfterSuite endDriver" time="0.0">
    <ignored/>
  </testcase> <!-- @AfterSuite endDriver -->
  <testcase classname="tests.TestBase" name="@BeforeSuite startDriver" time="0.0">
    <ignored/>
  </testcase> <!-- @BeforeSuite startDriver -->
  <testcase classname="tests.TestBase" name="@BeforeSuite startDriver" time="0.0">
    <ignored/>
  </testcase> <!-- @BeforeSuite startDriver -->
  <testcase classname="tests.TestBase" name="@BeforeSuite startDriver" time="0.0">
    <ignored/>
  </testcase> <!-- @BeforeSuite startDriver -->
  <testcase classname="tests.TestBase" name="@AfterSuite endDriver" time="0.0">
    <ignored/>
  </testcase> <!-- @AfterSuite endDriver -->
  <testcase classname="tests.TestBase" name="@BeforeSuite startDriver" time="0.0">
    <ignored/>
  </testcase> <!-- @BeforeSuite startDriver -->
  <testcase classname="tests.TestBase" name="@BeforeSuite startDriver" time="0.0">
    <ignored/>
  </testcase> <!-- @BeforeSuite startDriver -->
  <testcase classname="tests.TestBase" name="@AfterSuite endDriver" time="0.0">
    <ignored/>
  </testcase> <!-- @AfterSuite endDriver -->
  <testcase classname="tests.TestBase" name="@AfterSuite endDriver" time="0.0">
    <ignored/>
  </testcase> <!-- @AfterSuite endDriver -->
  <testcase classname="tests.TestBase" name="@AfterSuite endDriver" time="0.0">
    <ignored/>
  </testcase> <!-- @AfterSuite endDriver -->
  <testcase classname="tests.TestBase" name="@BeforeSuite startDriver" time="0.0">
    <ignored/>
  </testcase> <!-- @BeforeSuite startDriver -->
  <testcase classname="tests.TestBase" name="@AfterSuite endDriver" time="0.0">
    <ignored/>
  </testcase> <!-- @AfterSuite endDriver -->
</testsuite> <!-- Regression Test -->
